This is pdfTeX, Version 3.14159265-2.6-1.40.20 (TeX Live 2019/Debian) (preloaded format=pdflatex 2020.5.7)  23 MAY 2020 12:04
entering extended mode
 restricted \write18 enabled.
 %&-line parsing enabled.
**cross_detection.tex
(./cross_detection.tex
LaTeX2e <2018-12-01>
(/usr/share/texlive/texmf-dist/tex/latex/koma-script/scrartcl.cls
Document Class: scrartcl 2019/02/01 v3.26b KOMA-Script document class (article)

(/usr/share/texlive/texmf-dist/tex/latex/koma-script/scrkbase.sty
Package: scrkbase 2019/02/01 v3.26b KOMA-Script package (KOMA-Script-dependent 
basics and keyval usage)

(/usr/share/texlive/texmf-dist/tex/latex/koma-script/scrbase.sty
Package: scrbase 2019/02/01 v3.26b KOMA-Script package (KOMA-Script-independent
 basics and keyval usage)

(/usr/share/texlive/texmf-dist/tex/latex/graphics/keyval.sty
Package: keyval 2014/10/28 v1.15 key=value parser (DPC)
\KV@toks@=\toks14
)
(/usr/share/texlive/texmf-dist/tex/latex/koma-script/scrlfile.sty
Package: scrlfile 2019/02/01 v3.26b KOMA-Script package (loading files)
)))
(/usr/share/texlive/texmf-dist/tex/latex/koma-script/tocbasic.sty
Package: tocbasic 2019/02/01 v3.26b KOMA-Script package (handling toc-files)
\scr@dte@tocline@numberwidth=\skip41
\scr@dte@tocline@numbox=\box27
)
Package tocbasic Info: omitting babel extension for `toc'
(tocbasic)             because of feature `nobabel' available
(tocbasic)             for `toc' on input line 134.


Package scrartcl Warning: You've used obsolete option `14pt'.
(scrartcl)                Usage of this option indicates an old document
(scrartcl)                and changes compatibility level using
(scrartcl)                `fontsize=14pt,version=first,
(scrartcl)                enabledeprecatedfontcommands' that may result
(scrartcl)                in further warnings.
(scrartcl)                If you don't want this, you should simply
(scrartcl)                replace option `14pt' by `fontsize=14pt'.

Class scrartcl Info: Switching compatibility level to `first'.

Class scrartcl Warning: deprecated option `enabledeprecatedfontcommands'.
(scrartcl)              Note, that this option was already depreacted when
(scrartcl)              it has been defined. Support for old font commands
(scrartcl)              has been removed from KOMA-Script more than one
(scrartcl)              decade ago. It is not recommended to use them any
(scrartcl)              longer. Therefore usage of this class option also
(scrartcl)              is not recommended.

Class scrartcl Info: File `size14.clo' used to setup font sizes on input line 2
162.
(/usr/share/texlive/texmf-dist/tex/latex/extsizes/size14.clo
File: size14.clo 1999/11/11 v1.4a NON-Standard LaTeX file (size option)
)
(/usr/share/texlive/texmf-dist/tex/latex/koma-script/typearea.sty
Package: typearea 2019/02/01 v3.26b KOMA-Script package (type area)
\ta@bcor=\skip42
\ta@div=\count80
Package typearea Info: You've used standard option `a4paper'.
(typearea)             This is correct!
(typearea)             Internally I'm using `paper=a4'.
(typearea)             If you'd like to set the option with \KOMAoptions,
(typearea)             you'd have to use `paper=a4' there
(typearea)             instead of `a4paper', too.
\ta@hblk=\skip43
\ta@vblk=\skip44
\ta@temp=\skip45
\footheight=\skip46


Package typearea Warning: DIV for 14.0pt and used papersize
(typearea)                not defined!
(typearea)                Using DIV=calc.

DIV calculation for typearea with good linewidth.
Package typearea Info: These are the values describing the layout:
(typearea)             DIV  = 17
(typearea)             BCOR = 0.0pt
(typearea)             \paperwidth      = 597.50793pt
(typearea)              \textwidth      = 492.06537pt
(typearea)              DIV departure   = 0%
(typearea)              \evensidemargin = -19.5487pt
(typearea)              \oddsidemargin  = -19.5487pt
(typearea)             \paperheight     = 845.04694pt
(typearea)              \textheight     = 711.0pt
(typearea)              \topmargin      = -69.31136pt
(typearea)              \headheight     = 21.25pt
(typearea)              \headsep        = 25.5pt
(typearea)              \topskip        = 14.0pt
(typearea)              \footskip       = 59.5pt
(typearea)              \baselineskip   = 17.0pt
(typearea)              on input line 1715.
)
\c@part=\count81
\c@section=\count82
\c@subsection=\count83
\c@subsubsection=\count84
\c@paragraph=\count85
\c@subparagraph=\count86
\scr@dte@section@maxnumwidth=\skip47
Class scrartcl Info: using compatibility default `runin=bysign'
(scrartcl)           for `\section on input line 4489.
Class scrartcl Info: using compatibility default `afterindent=bysign'
(scrartcl)           for `\section on input line 4489.
\scr@dte@part@maxnumwidth=\skip48
Class scrartcl Info: using compatibility default `afterindent=false'
(scrartcl)           for `\part on input line 4497.
\scr@dte@subsection@maxnumwidth=\skip49
Class scrartcl Info: using compatibility default `runin=bysign'
(scrartcl)           for `\subsection on input line 4507.
Class scrartcl Info: using compatibility default `afterindent=bysign'
(scrartcl)           for `\subsection on input line 4507.
\scr@dte@subsubsection@maxnumwidth=\skip50
Class scrartcl Info: using compatibility default `runin=bysign'
(scrartcl)           for `\subsubsection on input line 4517.
Class scrartcl Info: using compatibility default `afterindent=bysign'
(scrartcl)           for `\subsubsection on input line 4517.
\scr@dte@paragraph@maxnumwidth=\skip51
Class scrartcl Info: using compatibility default `runin=bysign'
(scrartcl)           for `\paragraph on input line 4527.
Class scrartcl Info: using compatibility default `afterindent=bysign'
(scrartcl)           for `\paragraph on input line 4527.
\scr@dte@subparagraph@maxnumwidth=\skip52
Class scrartcl Info: using compatibility default `runin=bysign'
(scrartcl)           for `\subparagraph on input line 4537.
Class scrartcl Info: using compatibility default `afterindent=bysign'
(scrartcl)           for `\subparagraph on input line 4537.
\abovecaptionskip=\skip53
\belowcaptionskip=\skip54
\c@pti@nb@sid@b@x=\box28
Package tocbasic Info: omitting babel extension for `lof'
(tocbasic)             because of feature `nobabel' available
(tocbasic)             for `lof' on input line 5781.
\scr@dte@figure@maxnumwidth=\skip55
\c@figure=\count87
Package tocbasic Info: omitting babel extension for `lot'
(tocbasic)             because of feature `nobabel' available
(tocbasic)             for `lot' on input line 5793.
\scr@dte@table@maxnumwidth=\skip56
\c@table=\count88
Class scrartcl Info: Using old \@makefntext due to compatibility level
(scrartcl)           less than 3.22 on input line 5944.
Class scrartcl Info: Redefining `\numberline' on input line 5957.
\bibindent=\dimen102
) (/usr/share/texlive/texmf-dist/tex/latex/cmap/cmap.sty
Package: cmap 2008/03/06 v1.0h CMap support: searchable PDF
)
(/usr/share/texlive/texmf-dist/tex/latex/base/fontenc.sty
Package: fontenc 2018/08/11 v2.0j Standard LaTeX package

(/usr/share/texlive/texmf-dist/tex/latex/cyrillic/t2aenc.def
File: t2aenc.def 2005/09/27 v1.0i Cyrillic encoding definition file
Now handling font encoding T2A ...
... processing UTF-8 mapping file for font encoding T2A

(/usr/share/texlive/texmf-dist/tex/latex/base/t2aenc.dfu
File: t2aenc.dfu 2018/10/05 v1.2f UTF-8 support for inputenc
   defining Unicode char U+00A4 (decimal 164)
   defining Unicode char U+00A7 (decimal 167)
   defining Unicode char U+00AB (decimal 171)
   defining Unicode char U+00BB (decimal 187)
   defining Unicode char U+0131 (decimal 305)
   defining Unicode char U+0237 (decimal 567)
   defining Unicode char U+0400 (decimal 1024)
   defining Unicode char U+0401 (decimal 1025)
   defining Unicode char U+0402 (decimal 1026)
   defining Unicode char U+0403 (decimal 1027)
   defining Unicode char U+0404 (decimal 1028)
   defining Unicode char U+0405 (decimal 1029)
   defining Unicode char U+0406 (decimal 1030)
   defining Unicode char U+0407 (decimal 1031)
   defining Unicode char U+0408 (decimal 1032)
   defining Unicode char U+0409 (decimal 1033)
   defining Unicode char U+040A (decimal 1034)
   defining Unicode char U+040B (decimal 1035)
   defining Unicode char U+040C (decimal 1036)
   defining Unicode char U+040D (decimal 1037)
   defining Unicode char U+040E (decimal 1038)
   defining Unicode char U+040F (decimal 1039)
   defining Unicode char U+0410 (decimal 1040)
   defining Unicode char U+0411 (decimal 1041)
   defining Unicode char U+0412 (decimal 1042)
   defining Unicode char U+0413 (decimal 1043)
   defining Unicode char U+0414 (decimal 1044)
   defining Unicode char U+0415 (decimal 1045)
   defining Unicode char U+0416 (decimal 1046)
   defining Unicode char U+0417 (decimal 1047)
   defining Unicode char U+0418 (decimal 1048)
   defining Unicode char U+0419 (decimal 1049)
   defining Unicode char U+041A (decimal 1050)
   defining Unicode char U+041B (decimal 1051)
   defining Unicode char U+041C (decimal 1052)
   defining Unicode char U+041D (decimal 1053)
   defining Unicode char U+041E (decimal 1054)
   defining Unicode char U+041F (decimal 1055)
   defining Unicode char U+0420 (decimal 1056)
   defining Unicode char U+0421 (decimal 1057)
   defining Unicode char U+0422 (decimal 1058)
   defining Unicode char U+0423 (decimal 1059)
   defining Unicode char U+0424 (decimal 1060)
   defining Unicode char U+0425 (decimal 1061)
   defining Unicode char U+0426 (decimal 1062)
   defining Unicode char U+0427 (decimal 1063)
   defining Unicode char U+0428 (decimal 1064)
   defining Unicode char U+0429 (decimal 1065)
   defining Unicode char U+042A (decimal 1066)
   defining Unicode char U+042B (decimal 1067)
   defining Unicode char U+042C (decimal 1068)
   defining Unicode char U+042D (decimal 1069)
   defining Unicode char U+042E (decimal 1070)
   defining Unicode char U+042F (decimal 1071)
   defining Unicode char U+0430 (decimal 1072)
   defining Unicode char U+0431 (decimal 1073)
   defining Unicode char U+0432 (decimal 1074)
   defining Unicode char U+0433 (decimal 1075)
   defining Unicode char U+0434 (decimal 1076)
   defining Unicode char U+0435 (decimal 1077)
   defining Unicode char U+0436 (decimal 1078)
   defining Unicode char U+0437 (decimal 1079)
   defining Unicode char U+0438 (decimal 1080)
   defining Unicode char U+0439 (decimal 1081)
   defining Unicode char U+043A (decimal 1082)
   defining Unicode char U+043B (decimal 1083)
   defining Unicode char U+043C (decimal 1084)
   defining Unicode char U+043D (decimal 1085)
   defining Unicode char U+043E (decimal 1086)
   defining Unicode char U+043F (decimal 1087)
   defining Unicode char U+0440 (decimal 1088)
   defining Unicode char U+0441 (decimal 1089)
   defining Unicode char U+0442 (decimal 1090)
   defining Unicode char U+0443 (decimal 1091)
   defining Unicode char U+0444 (decimal 1092)
   defining Unicode char U+0445 (decimal 1093)
   defining Unicode char U+0446 (decimal 1094)
   defining Unicode char U+0447 (decimal 1095)
   defining Unicode char U+0448 (decimal 1096)
   defining Unicode char U+0449 (decimal 1097)
   defining Unicode char U+044A (decimal 1098)
   defining Unicode char U+044B (decimal 1099)
   defining Unicode char U+044C (decimal 1100)
   defining Unicode char U+044D (decimal 1101)
   defining Unicode char U+044E (decimal 1102)
   defining Unicode char U+044F (decimal 1103)
   defining Unicode char U+0450 (decimal 1104)
   defining Unicode char U+0451 (decimal 1105)
   defining Unicode char U+0452 (decimal 1106)
   defining Unicode char U+0453 (decimal 1107)
   defining Unicode char U+0454 (decimal 1108)
   defining Unicode char U+0455 (decimal 1109)
   defining Unicode char U+0456 (decimal 1110)
   defining Unicode char U+0457 (decimal 1111)
   defining Unicode char U+0458 (decimal 1112)
   defining Unicode char U+0459 (decimal 1113)
   defining Unicode char U+045A (decimal 1114)
   defining Unicode char U+045B (decimal 1115)
   defining Unicode char U+045C (decimal 1116)
   defining Unicode char U+045D (decimal 1117)
   defining Unicode char U+045E (decimal 1118)
   defining Unicode char U+045F (decimal 1119)
   defining Unicode char U+0490 (decimal 1168)
   defining Unicode char U+0491 (decimal 1169)
   defining Unicode char U+0492 (decimal 1170)
   defining Unicode char U+0493 (decimal 1171)
   defining Unicode char U+0496 (decimal 1174)
   defining Unicode char U+0497 (decimal 1175)
   defining Unicode char U+0498 (decimal 1176)
   defining Unicode char U+0499 (decimal 1177)
   defining Unicode char U+049A (decimal 1178)
   defining Unicode char U+049B (decimal 1179)
   defining Unicode char U+049C (decimal 1180)
   defining Unicode char U+049D (decimal 1181)
   defining Unicode char U+04A0 (decimal 1184)
   defining Unicode char U+04A1 (decimal 1185)
   defining Unicode char U+04A2 (decimal 1186)
   defining Unicode char U+04A3 (decimal 1187)
   defining Unicode char U+04A4 (decimal 1188)
   defining Unicode char U+04A5 (decimal 1189)
   defining Unicode char U+04AA (decimal 1194)
   defining Unicode char U+04AB (decimal 1195)
   defining Unicode char U+04AE (decimal 1198)
   defining Unicode char U+04AF (decimal 1199)
   defining Unicode char U+04B0 (decimal 1200)
   defining Unicode char U+04B1 (decimal 1201)
   defining Unicode char U+04B2 (decimal 1202)
   defining Unicode char U+04B3 (decimal 1203)
   defining Unicode char U+04B6 (decimal 1206)
   defining Unicode char U+04B7 (decimal 1207)
   defining Unicode char U+04B8 (decimal 1208)
   defining Unicode char U+04B9 (decimal 1209)
   defining Unicode char U+04BA (decimal 1210)
   defining Unicode char U+04BB (decimal 1211)
   defining Unicode char U+04C0 (decimal 1216)
   defining Unicode char U+04C1 (decimal 1217)
   defining Unicode char U+04C2 (decimal 1218)
   defining Unicode char U+04D0 (decimal 1232)
   defining Unicode char U+04D1 (decimal 1233)
   defining Unicode char U+04D2 (decimal 1234)
   defining Unicode char U+04D3 (decimal 1235)
   defining Unicode char U+04D4 (decimal 1236)
   defining Unicode char U+04D5 (decimal 1237)
   defining Unicode char U+04D6 (decimal 1238)
   defining Unicode char U+04D7 (decimal 1239)
   defining Unicode char U+04D8 (decimal 1240)
   defining Unicode char U+04D9 (decimal 1241)
   defining Unicode char U+04DA (decimal 1242)
   defining Unicode char U+04DB (decimal 1243)
   defining Unicode char U+04DC (decimal 1244)
   defining Unicode char U+04DD (decimal 1245)
   defining Unicode char U+04DE (decimal 1246)
   defining Unicode char U+04DF (decimal 1247)
   defining Unicode char U+04E2 (decimal 1250)
   defining Unicode char U+04E3 (decimal 1251)
   defining Unicode char U+04E4 (decimal 1252)
   defining Unicode char U+04E5 (decimal 1253)
   defining Unicode char U+04E6 (decimal 1254)
   defining Unicode char U+04E7 (decimal 1255)
   defining Unicode char U+04E8 (decimal 1256)
   defining Unicode char U+04E9 (decimal 1257)
   defining Unicode char U+04EC (decimal 1260)
   defining Unicode char U+04ED (decimal 1261)
   defining Unicode char U+04EE (decimal 1262)
   defining Unicode char U+04EF (decimal 1263)
   defining Unicode char U+04F0 (decimal 1264)
   defining Unicode char U+04F1 (decimal 1265)
   defining Unicode char U+04F2 (decimal 1266)
   defining Unicode char U+04F3 (decimal 1267)
   defining Unicode char U+04F4 (decimal 1268)
   defining Unicode char U+04F5 (decimal 1269)
   defining Unicode char U+04F8 (decimal 1272)
   defining Unicode char U+04F9 (decimal 1273)
   defining Unicode char U+200C (decimal 8204)
   defining Unicode char U+2013 (decimal 8211)
   defining Unicode char U+2014 (decimal 8212)
   defining Unicode char U+2018 (decimal 8216)
   defining Unicode char U+2019 (decimal 8217)
   defining Unicode char U+201C (decimal 8220)
   defining Unicode char U+201D (decimal 8221)
   defining Unicode char U+201E (decimal 8222)
   defining Unicode char U+2030 (decimal 8240)
   defining Unicode char U+2031 (decimal 8241)
   defining Unicode char U+2116 (decimal 8470)
   defining Unicode char U+2329 (decimal 9001)
   defining Unicode char U+232A (decimal 9002)
   defining Unicode char U+2423 (decimal 9251)
))
LaTeX Font Info:    Try loading font information for T2A+cmr on input line 105.


(/usr/share/texlive/texmf-dist/tex/latex/cyrillic/t2acmr.fd
File: t2acmr.fd 2001/08/11 v1.0a Computer Modern Cyrillic font definitions
)<<t2a.cmap>>)
(/usr/share/texlive/texmf-dist/tex/latex/base/inputenc.sty
Package: inputenc 2018/08/11 v1.3c Input encoding file
\inpenc@prehook=\toks15
\inpenc@posthook=\toks16

(/usr/share/texlive/texmf-dist/tex/latex/ucs/utf8x.def
File: utf8x.def 2004/10/17 UCS: Input encoding UTF-8
))
(/usr/share/texlive/texmf-dist/tex/latex/ucs/ucs.sty
Package: ucs 2013/05/11 v2.2 UCS: Unicode input support

(/usr/share/texlive/texmf-dist/tex/latex/ucs/data/uni-global.def
File: uni-global.def 2013/05/13 UCS: Unicode global data
)
\uc@secondtry=\count89
\uc@combtoks=\toks17
\uc@combtoksb=\toks18
\uc@temptokena=\toks19
)
(/usr/share/texlive/texmf-dist/tex/generic/babel/babel.sty
Package: babel 2019/06/03 3.32 The Babel package

(/usr/share/texlive/texmf-dist/tex/generic/babel/switch.def
File: switch.def 2019/06/03 3.32 Babel switching mechanism
)
(/usr/share/texlive/texmf-dist/tex/generic/babel-english/english.ldf
Language: english 2017/06/06 v3.3r English support from the babel system

(/usr/share/texlive/texmf-dist/tex/generic/babel/babel.def
File: babel.def 2019/06/03 3.32 Babel common definitions
\babel@savecnt=\count90
\U@D=\dimen103

(/usr/share/texlive/texmf-dist/tex/generic/babel/txtbabel.def)
\bbl@dirlevel=\count91
)
\l@canadian = a dialect from \language\l@american 
\l@australian = a dialect from \language\l@british 
\l@newzealand = a dialect from \language\l@british 
)
(/usr/share/texlive/texmf-dist/tex/generic/babel-russian/russianb.ldf
Language: russian 2017/08/12 1.3j Russian support for the Babel system
Package babel Info: Making " an active character on input line 120.
Package babel Info: Default for \cyrdash is provided on input line 157.
))
(/usr/share/texlive/texmf-dist/tex/latex/geometry/geometry.sty
Package: geometry 2018/04/16 v5.8 Page Geometry

(/usr/share/texlive/texmf-dist/tex/generic/oberdiek/ifpdf.sty
Package: ifpdf 2018/09/07 v3.3 Provides the ifpdf switch
)
(/usr/share/texlive/texmf-dist/tex/generic/oberdiek/ifvtex.sty
Package: ifvtex 2016/05/16 v1.6 Detect VTeX and its facilities (HO)
Package ifvtex Info: VTeX not detected.
)
(/usr/share/texlive/texmf-dist/tex/generic/ifxetex/ifxetex.sty
Package: ifxetex 2010/09/12 v0.6 Provides ifxetex conditional
)
\Gm@cnth=\count92
\Gm@cntv=\count93
\c@Gm@tempcnt=\count94
\Gm@bindingoffset=\dimen104
\Gm@wd@mp=\dimen105
\Gm@odd@mp=\dimen106
\Gm@even@mp=\dimen107
\Gm@layoutwidth=\dimen108
\Gm@layoutheight=\dimen109
\Gm@layouthoffset=\dimen110
\Gm@layoutvoffset=\dimen111
\Gm@dimlist=\toks20
)
(/usr/share/texlive/texmf-dist/tex/latex/tools/indentfirst.sty
Package: indentfirst 1995/11/23 v1.03 Indent first paragraph (DPC)
)
(/usr/share/texlive/texmf-dist/tex/latex/t2/misccorr.sty
Package: misccorr 1999/09/23 v0.1 misc corrections for russian typesetting

(/usr/share/texlive/texmf-dist/tex/latex/amsfonts/amssymb.sty
Package: amssymb 2013/01/14 v3.01 AMS font symbols

(/usr/share/texlive/texmf-dist/tex/latex/amsfonts/amsfonts.sty
Package: amsfonts 2013/01/14 v3.01 Basic AMSFonts support
\@emptytoks=\toks21
\symAMSa=\mathgroup4
\symAMSb=\mathgroup5
LaTeX Font Info:    Overwriting math alphabet `\mathfrak' in version `bold'
(Font)                  U/euf/m/n --> U/euf/b/n on input line 106.
))
(/usr/share/texlive/texmf-dist/tex/latex/tools/enumerate.sty
Package: enumerate 2015/07/23 v3.00 enumerate extensions (DPC)
\@enLab=\toks22
)
\c@rlistctr=\count95
)
(/usr/share/texlive/texmf-dist/tex/latex/graphics/graphicx.sty
Package: graphicx 2017/06/01 v1.1a Enhanced LaTeX Graphics (DPC,SPQR)

(/usr/share/texlive/texmf-dist/tex/latex/graphics/graphics.sty
Package: graphics 2017/06/25 v1.2c Standard LaTeX Graphics (DPC,SPQR)

(/usr/share/texlive/texmf-dist/tex/latex/graphics/trig.sty
Package: trig 2016/01/03 v1.10 sin cos tan (DPC)
)
(/usr/share/texlive/texmf-dist/tex/latex/graphics-cfg/graphics.cfg
File: graphics.cfg 2016/06/04 v1.11 sample graphics configuration
)
Package graphics Info: Driver file: pdftex.def on input line 99.

(/usr/share/texlive/texmf-dist/tex/latex/graphics-def/pdftex.def
File: pdftex.def 2018/01/08 v1.0l Graphics/color driver for pdftex
))
\Gin@req@height=\dimen112
\Gin@req@width=\dimen113
)
(/usr/share/texlive/texmf-dist/tex/latex/amsmath/amsmath.sty
Package: amsmath 2018/12/01 v2.17b AMS math features
\@mathmargin=\skip57

For additional information on amsmath, use the `?' option.
(/usr/share/texlive/texmf-dist/tex/latex/amsmath/amstext.sty
Package: amstext 2000/06/29 v2.01 AMS text

(/usr/share/texlive/texmf-dist/tex/latex/amsmath/amsgen.sty
File: amsgen.sty 1999/11/30 v2.0 generic functions
\@emptytoks=\toks23
\ex@=\dimen114
))
(/usr/share/texlive/texmf-dist/tex/latex/amsmath/amsbsy.sty
Package: amsbsy 1999/11/29 v1.2d Bold Symbols
\pmbraise@=\dimen115
)
(/usr/share/texlive/texmf-dist/tex/latex/amsmath/amsopn.sty
Package: amsopn 2016/03/08 v2.02 operator names
)
\inf@bad=\count96
LaTeX Info: Redefining \frac on input line 223.
\uproot@=\count97
\leftroot@=\count98
LaTeX Info: Redefining \overline on input line 385.
\classnum@=\count99
\DOTSCASE@=\count100
LaTeX Info: Redefining \ldots on input line 482.
LaTeX Info: Redefining \dots on input line 485.
LaTeX Info: Redefining \cdots on input line 606.
\Mathstrutbox@=\box29
\strutbox@=\box30
\big@size=\dimen116
LaTeX Font Info:    Redeclaring font encoding OML on input line 729.
LaTeX Font Info:    Redeclaring font encoding OMS on input line 730.
\macc@depth=\count101
\c@MaxMatrixCols=\count102
\dotsspace@=\muskip10
\c@parentequation=\count103
\dspbrk@lvl=\count104
\tag@help=\toks24
\row@=\count105
\column@=\count106
\maxfields@=\count107
\andhelp@=\toks25
\eqnshift@=\dimen117
\alignsep@=\dimen118
\tagshift@=\dimen119
\tagwidth@=\dimen120
\totwidth@=\dimen121
\lineht@=\dimen122
\@envbody=\toks26
\multlinegap=\skip58
\multlinetaggap=\skip59
\mathdisplay@stack=\toks27
LaTeX Info: Redefining \[ on input line 2844.
LaTeX Info: Redefining \] on input line 2845.
)
(/usr/share/texlive/texmf-dist/tex/latex/hyperref/hyperref.sty
Package: hyperref 2018/11/30 v6.88e Hypertext links for LaTeX

(/usr/share/texlive/texmf-dist/tex/generic/oberdiek/hobsub-hyperref.sty
Package: hobsub-hyperref 2016/05/16 v1.14 Bundle oberdiek, subset hyperref (HO)


(/usr/share/texlive/texmf-dist/tex/generic/oberdiek/hobsub-generic.sty
Package: hobsub-generic 2016/05/16 v1.14 Bundle oberdiek, subset generic (HO)
Package: hobsub 2016/05/16 v1.14 Construct package bundles (HO)
Package: infwarerr 2016/05/16 v1.4 Providing info/warning/error messages (HO)
Package: ltxcmds 2016/05/16 v1.23 LaTeX kernel commands for general use (HO)
Package: ifluatex 2016/05/16 v1.4 Provides the ifluatex switch (HO)
Package ifluatex Info: LuaTeX not detected.
Package hobsub Info: Skipping package `ifvtex' (already loaded).
Package: intcalc 2016/05/16 v1.2 Expandable calculations with integers (HO)
Package hobsub Info: Skipping package `ifpdf' (already loaded).
Package: etexcmds 2016/05/16 v1.6 Avoid name clashes with e-TeX commands (HO)
Package: kvsetkeys 2016/05/16 v1.17 Key value parser (HO)
Package: kvdefinekeys 2016/05/16 v1.4 Define keys (HO)
Package: pdftexcmds 2018/09/10 v0.29 Utility functions of pdfTeX for LuaTeX (HO
)
Package pdftexcmds Info: LuaTeX not detected.
Package pdftexcmds Info: \pdf@primitive is available.
Package pdftexcmds Info: \pdf@ifprimitive is available.
Package pdftexcmds Info: \pdfdraftmode found.
Package: pdfescape 2016/05/16 v1.14 Implements pdfTeX's escape features (HO)
Package: bigintcalc 2016/05/16 v1.4 Expandable calculations on big integers (HO
)
Package: bitset 2016/05/16 v1.2 Handle bit-vector datatype (HO)
Package: uniquecounter 2016/05/16 v1.3 Provide unlimited unique counter (HO)
)
Package hobsub Info: Skipping package `hobsub' (already loaded).
Package: letltxmacro 2016/05/16 v1.5 Let assignment for LaTeX macros (HO)
Package: hopatch 2016/05/16 v1.3 Wrapper for package hooks (HO)
Package: xcolor-patch 2016/05/16 xcolor patch
Package: atveryend 2016/05/16 v1.9 Hooks at the very end of document (HO)
Package atveryend Info: \enddocument detected (standard20110627).
Package: atbegshi 2016/06/09 v1.18 At begin shipout hook (HO)
Package: refcount 2016/05/16 v3.5 Data extraction from label references (HO)
Package: hycolor 2016/05/16 v1.8 Color options for hyperref/bookmark (HO)
)
(/usr/share/texlive/texmf-dist/tex/latex/oberdiek/auxhook.sty
Package: auxhook 2016/05/16 v1.4 Hooks for auxiliary files (HO)
)
(/usr/share/texlive/texmf-dist/tex/latex/oberdiek/kvoptions.sty
Package: kvoptions 2016/05/16 v3.12 Key value format for package options (HO)
)
\@linkdim=\dimen123
\Hy@linkcounter=\count108
\Hy@pagecounter=\count109

(/usr/share/texlive/texmf-dist/tex/latex/hyperref/pd1enc.def
File: pd1enc.def 2018/11/30 v6.88e Hyperref: PDFDocEncoding definition (HO)
)
\Hy@SavedSpaceFactor=\count110
Package hyperref Info: Option `unicode' set `true' on input line 3475.

(/usr/share/texlive/texmf-dist/tex/latex/hyperref/puenc.def
File: puenc.def 2018/11/30 v6.88e Hyperref: PDF Unicode definition (HO)
)
(/usr/share/texlive/texmf-dist/tex/latex/latexconfig/hyperref.cfg
File: hyperref.cfg 2002/06/06 v1.2 hyperref configuration of TeXLive
)
Package hyperref Info: Hyper figures OFF on input line 4519.
Package hyperref Info: Link nesting OFF on input line 4524.
Package hyperref Info: Hyper index ON on input line 4527.
Package hyperref Info: Plain pages OFF on input line 4534.
Package hyperref Info: Backreferencing OFF on input line 4539.
Package hyperref Info: Implicit mode ON; LaTeX internals redefined.
Package hyperref Info: Bookmarks ON on input line 4772.
\c@Hy@tempcnt=\count111

(/usr/share/texlive/texmf-dist/tex/latex/url/url.sty
\Urlmuskip=\muskip11
Package: url 2013/09/16  ver 3.4  Verb mode for urls, etc.
)
LaTeX Info: Redefining \url on input line 5125.
\XeTeXLinkMargin=\dimen124
\Fld@menulength=\count112
\Field@Width=\dimen125
\Fld@charsize=\dimen126
Package hyperref Info: Hyper figures OFF on input line 6380.
Package hyperref Info: Link nesting OFF on input line 6385.
Package hyperref Info: Hyper index ON on input line 6388.
Package hyperref Info: backreferencing OFF on input line 6395.
Package hyperref Info: Link coloring OFF on input line 6400.
Package hyperref Info: Link coloring with OCG OFF on input line 6405.
Package hyperref Info: PDF/A mode OFF on input line 6410.
LaTeX Info: Redefining \ref on input line 6450.
LaTeX Info: Redefining \pageref on input line 6454.
\Hy@abspage=\count113
\c@Item=\count114
\c@Hfootnote=\count115
)
Package hyperref Info: Driver (autodetected): hpdftex.

(/usr/share/texlive/texmf-dist/tex/latex/hyperref/hpdftex.def
File: hpdftex.def 2018/11/30 v6.88e Hyperref driver for pdfTeX
\Fld@listcount=\count116
\c@bookmark@seq@number=\count117

(/usr/share/texlive/texmf-dist/tex/latex/oberdiek/rerunfilecheck.sty
Package: rerunfilecheck 2016/05/16 v1.8 Rerun checks for auxiliary files (HO)
Package uniquecounter Info: New unique counter `rerunfilecheck' on input line 2
82.
)
\Hy@SectionHShift=\skip60
)
(/usr/share/texlive/texmf-dist/tex/latex/subfigure/subfigure.sty
Package: subfigure 2002/03/15 v2.1.5 subfigure package
\subfigtopskip=\skip61
\subfigcapskip=\skip62
\subfigcaptopadj=\dimen127
\subfigbottomskip=\skip63
\subfigcapmargin=\dimen128
\subfiglabelskip=\skip64
\c@subfigure=\count118
\c@lofdepth=\count119
\c@subtable=\count120
\c@lotdepth=\count121

****************************************
* Local config file subfigure.cfg used *
****************************************
(/usr/share/texlive/texmf-dist/tex/latex/subfigure/subfigure.cfg)
\subfig@top=\skip65
\subfig@bottom=\skip66
)
(/usr/share/texlive/texmf-dist/tex/latex/hyperref/nameref.sty
Package: nameref 2016/05/21 v2.44 Cross-referencing by name of section

(/usr/share/texlive/texmf-dist/tex/generic/oberdiek/gettitlestring.sty
Package: gettitlestring 2016/05/16 v1.5 Cleanup title references (HO)
)
\c@section@level=\count122
)
(/usr/share/texlive/texmf-dist/tex/latex/listings/listings.sty
\lst@mode=\count123
\lst@gtempboxa=\box31
\lst@token=\toks28
\lst@length=\count124
\lst@currlwidth=\dimen129
\lst@column=\count125
\lst@pos=\count126
\lst@lostspace=\dimen130
\lst@width=\dimen131
\lst@newlines=\count127
\lst@lineno=\count128
\lst@maxwidth=\dimen132

(/usr/share/texlive/texmf-dist/tex/latex/listings/lstmisc.sty
File: lstmisc.sty 2019/02/27 1.8b (Carsten Heinz)
\c@lstnumber=\count129
\lst@skipnumbers=\count130
\lst@framebox=\box32
)
(/usr/share/texlive/texmf-dist/tex/latex/listings/listings.cfg
File: listings.cfg 2019/02/27 1.8b listings configuration
))
Package: listings 2019/02/27 1.8b (Carsten Heinz)

(/usr/share/texlive/texmf-dist/tex/latex/xcolor/xcolor.sty
Package: xcolor 2016/05/11 v2.12 LaTeX color extensions (UK)

(/usr/share/texlive/texmf-dist/tex/latex/graphics-cfg/color.cfg
File: color.cfg 2016/01/02 v1.6 sample color configuration
)
Package xcolor Info: Driver file: pdftex.def on input line 225.

(/usr/share/texlive/texmf-dist/tex/latex/colortbl/colortbl.sty
Package: colortbl 2018/12/12 v1.0d Color table columns (DPC)

(/usr/share/texlive/texmf-dist/tex/latex/tools/array.sty
Package: array 2018/12/30 v2.4k Tabular extension package (FMi)
\col@sep=\dimen133
\ar@mcellbox=\box33
\extrarowheight=\dimen134
\NC@list=\toks29
\extratabsurround=\skip67
\backup@length=\skip68
\ar@cellbox=\box34
)
\everycr=\toks30
\minrowclearance=\skip69
)
\rownum=\count131
Package xcolor Info: Model `cmy' substituted by `cmy0' on input line 1348.
Package xcolor Info: Model `hsb' substituted by `rgb' on input line 1352.
Package xcolor Info: Model `RGB' extended on input line 1364.
Package xcolor Info: Model `HTML' substituted by `rgb' on input line 1366.
Package xcolor Info: Model `Hsb' substituted by `hsb' on input line 1367.
Package xcolor Info: Model `tHsb' substituted by `hsb' on input line 1368.
Package xcolor Info: Model `HSB' substituted by `hsb' on input line 1369.
Package xcolor Info: Model `Gray' substituted by `gray' on input line 1370.
Package xcolor Info: Model `wave' substituted by `hsb' on input line 1371.
)
(./cross_detection.aux

LaTeX Warning: Label `fig:cannyres' multiply defined.

)
\openout1 = `cross_detection.aux'.

LaTeX Font Info:    Checking defaults for OML/cmm/m/it on input line 19.
LaTeX Font Info:    ... okay on input line 19.
LaTeX Font Info:    Checking defaults for T1/cmr/m/n on input line 19.
LaTeX Font Info:    ... okay on input line 19.
LaTeX Font Info:    Checking defaults for OT1/cmr/m/n on input line 19.
LaTeX Font Info:    ... okay on input line 19.
LaTeX Font Info:    Checking defaults for OMS/cmsy/m/n on input line 19.
LaTeX Font Info:    ... okay on input line 19.
LaTeX Font Info:    Checking defaults for OMX/cmex/m/n on input line 19.
LaTeX Font Info:    ... okay on input line 19.
LaTeX Font Info:    Checking defaults for U/cmr/m/n on input line 19.
LaTeX Font Info:    ... okay on input line 19.
LaTeX Font Info:    Checking defaults for T2A/cmr/m/n on input line 19.
LaTeX Font Info:    ... okay on input line 19.
LaTeX Font Info:    Checking defaults for PD1/pdf/m/n on input line 19.
LaTeX Font Info:    ... okay on input line 19.
LaTeX Font Info:    Checking defaults for PU/pdf/m/n on input line 19.
LaTeX Font Info:    ... okay on input line 19.
 (/usr/share/texlive/texmf-dist/tex/latex/ucs/ucsencs.def
File: ucsencs.def 2011/01/21 Fixes to fontencodings LGR, T3
)
*geometry* driver: auto-detecting
*geometry* detected driver: pdftex
*geometry* verbose mode - [ preamble ] result:
* driver: pdftex
* paper: a4paper
* layout: <same size as paper>
* layoutoffset:(h,v)=(0.0pt,0.0pt)
* modes: 
* h-part:(L,W,R)=(85.35826pt, 455.24411pt, 56.9055pt)
* v-part:(T,H,B)=(56.9055pt, 717.00946pt, 71.13188pt)
* \paperwidth=597.50787pt
* \paperheight=845.04684pt
* \textwidth=455.24411pt
* \textheight=717.00946pt
* \oddsidemargin=13.08827pt
* \evensidemargin=13.08827pt
* \topmargin=-62.11449pt
* \headheight=21.25pt
* \headsep=25.5pt
* \topskip=14.0pt
* \footskip=59.5pt
* \marginparwidth=35.14752pt
* \marginparsep=12.8401pt
* \columnsep=10.0pt
* \skip\footins=12.0pt plus 4.0pt minus 2.0pt
* \hoffset=0.0pt
* \voffset=0.0pt
* \mag=1000
* \@twocolumnfalse
* \@twosidefalse
* \@mparswitchfalse
* \@reversemarginfalse
* (1in=72.27pt=25.4mm, 1cm=28.453pt)

(/usr/share/texlive/texmf-dist/tex/context/base/mkii/supp-pdf.mkii
[Loading MPS to PDF converter (version 2006.09.02).]
\scratchcounter=\count132
\scratchdimen=\dimen135
\scratchbox=\box35
\nofMPsegments=\count133
\nofMParguments=\count134
\everyMPshowfont=\toks31
\MPscratchCnt=\count135
\MPscratchDim=\dimen136
\MPnumerator=\count136
\makeMPintoPDFobject=\count137
\everyMPtoPDFconversion=\toks32
) (/usr/share/texlive/texmf-dist/tex/latex/oberdiek/epstopdf-base.sty
Package: epstopdf-base 2016/05/15 v2.6 Base part for package epstopdf

(/usr/share/texlive/texmf-dist/tex/latex/oberdiek/grfext.sty
Package: grfext 2016/05/16 v1.2 Manage graphics extensions (HO)
)
Package epstopdf-base Info: Redefining graphics rule for `.eps' on input line 4
38.
Package grfext Info: Graphics extension search list:
(grfext)             [.pdf,.png,.jpg,.mps,.jpeg,.jbig2,.jb2,.PDF,.PNG,.JPG,.JPE
G,.JBIG2,.JB2,.eps]
(grfext)             \AppendGraphicsExtensions on input line 456.

(/usr/share/texlive/texmf-dist/tex/latex/latexconfig/epstopdf-sys.cfg
File: epstopdf-sys.cfg 2010/07/13 v1.3 Configuration of (r)epstopdf for TeX Liv
e
))
\AtBeginShipoutBox=\box36
Package hyperref Info: Link coloring OFF on input line 19.
LaTeX Info: Redefining \ref on input line 19.
LaTeX Info: Redefining \pageref on input line 19.
LaTeX Info: Redefining \nameref on input line 19.

(./cross_detection.out) (./cross_detection.out)
\@outlinefile=\write3
\openout3 = `cross_detection.out'.

Class scrartcl Info: loading recommended package `bookmark'.
(scrartcl)           Using `bookmark' together with `hyperref' is recommended,
(scrartcl)           because of handling of possible bookmark level gaps.
(scrartcl)           You can avoid loading `bookmark' with KOMA-Script option
(scrartcl)           `bookmarkpackage=false' before \begin{document} and
(scrartcl)           you can avoid this message with `\usepackage{bookmark}'
(scrartcl)           before \begin{document} on input line 19.

(/usr/share/texlive/texmf-dist/tex/latex/oberdiek/bookmark.sty
Package: bookmark 2016/05/17 v1.26 PDF bookmarks (HO)

(/usr/share/texlive/texmf-dist/tex/latex/oberdiek/bkm-pdftex.def
File: bkm-pdftex.def 2016/05/17 v1.26 bookmark driver for pdfTeX (HO)
Package auxhook Info: \AddLineBeginMainAux comes a little late,
(auxhook)             because the main .aux file is already opened on input lin
e 164.
\BKM@id=\count138
))
\c@lstlisting=\count139

(./titlepage.tex (/usr/share/texlive/texmf-dist/tex/latex/ucs/data/uni-4.def
File: uni-4.def 2013/05/13 UCS: Unicode data U+0400..U+04FF
)
(/usr/share/texlive/texmf-dist/tex/latex/ucs/data/uni-0.def
File: uni-0.def 2013/05/13 UCS: Unicode data U+0000..U+00FF
) [1

{/var/lib/texmf/fonts/map/pdftex/updmap/pdftex.map}])
LaTeX Font Info:    Try loading font information for T2A+cmss on input line 23.


(/usr/share/texlive/texmf-dist/tex/latex/cyrillic/t2acmss.fd
File: t2acmss.fd 2001/08/11 v1.0a Computer Modern Cyrillic font definitions
)
(./cross_detection.toc<<ot1.cmap>><<oml.cmap>><<oms.cmap>><<omx.cmap>>
LaTeX Font Info:    Try loading font information for U+msa on input line 3.

(/usr/share/texlive/texmf-dist/tex/latex/amsfonts/umsa.fd
File: umsa.fd 2013/01/14 v3.01 AMS symbols A
)
LaTeX Font Info:    Try loading font information for U+msb on input line 3.

(/usr/share/texlive/texmf-dist/tex/latex/amsfonts/umsb.fd
File: umsb.fd 2013/01/14 v3.01 AMS symbols B
))
\tf@toc=\write4
\openout4 = `cross_detection.toc'.

 [2] (./target.tex
Overfull \hbox (2.02187pt too wide) in paragraph at lines 19--20
[]\T2A/cmr/m/n/14.4 Существует несколь-ко гло-баль-ных под-хо-дов к по-ис-ку об
ъ-ек-тов на изоб-
 []

[3]
<pictures/canny_res.png, id=68, 602.25pt x 361.35pt>
File: pictures/canny_res.png Graphic file (type png)
<use pictures/canny_res.png>
Package pdftex.def Info: pictures/canny_res.png  used on input line 32.
(pdftex.def)             Requested size: 409.71692pt x 245.84157pt.
<pictures/canny_ex.png, id=70, 557.83406pt x 518.6878pt>
File: pictures/canny_ex.png Graphic file (type png)
<use pictures/canny_ex.png>
Package pdftex.def Info: pictures/canny_ex.png  used on input line 41.
(pdftex.def)             Requested size: 143.40028pt x 133.33606pt.
<pictures/hough_ex.png, id=71, 557.83406pt x 518.6878pt>
File: pictures/hough_ex.png Graphic file (type png)
<use pictures/hough_ex.png>
Package pdftex.def Info: pictures/hough_ex.png  used on input line 47.
(pdftex.def)             Requested size: 143.40028pt x 133.33606pt.
 [4 <./pictures/canny_res.png (PNG copy)> <./pictures/canny_ex.png> <./pictures
/hough_ex.png>]
<pictures/screenshot001.png, id=85, 859.71187pt x 379.4175pt>
File: pictures/screenshot001.png Graphic file (type png)
<use pictures/screenshot001.png>
Package pdftex.def Info: pictures/screenshot001.png  used on input line 82.
(pdftex.def)             Requested size: 409.71692pt x 180.82149pt.


LaTeX Warning: Command \cyrg invalid in math mode on input line 99.


LaTeX Warning: Command \cyrd invalid in math mode on input line 99.


LaTeX Warning: Command \cyre invalid in math mode on input line 99.

Missing character: There is no г in font cmr12!
Missing character: There is no д in font cmr12!
Missing character: There is no е in font cmr12!
[5 <./pictures/screenshot001.png (PNG copy)>]
<pictures/screenshot002.png, id=102, 861.9703pt x 65.49469pt>
File: pictures/screenshot002.png Graphic file (type png)
<use pictures/screenshot002.png>
Package pdftex.def Info: pictures/screenshot002.png  used on input line 117.
(pdftex.def)             Requested size: 409.71692pt x 31.13226pt.
<pictures/screenshot004.png, id=105, 341.77687pt x 309.40594pt>
File: pictures/screenshot004.png Graphic file (type png)
<use pictures/screenshot004.png>
Package pdftex.def Info: pictures/screenshot004.png  used on input line 130.
(pdftex.def)             Requested size: 409.71692pt x 370.9359pt.

Overfull \hbox (18.20193pt too wide) in paragraph at lines 124--134
[]\T2A/cmr/m/n/14.4 Строится мас-сив аккумулятор$\OML/cmm/m/it/14.4 A\OT1/cmr/m
/n/14.4 (\OML/cmm/m/it/14.4 ^^R; x\OT1/cmr/m/n/14.4 )$\T2A/cmr/m/n/14.4 (по ана
-ло-гии с ал-го-рит-мом Хафа[[]]).
 []


LaTeX Warning: `!h' float specifier changed to `!ht'.

[6 <./pictures/screenshot002.png>] [7 <./pictures/screenshot004.png>]
<pictures/screenshot006.png, id=126, 862.72313pt x 141.52875pt>
File: pictures/screenshot006.png Graphic file (type png)
<use pictures/screenshot006.png>
Package pdftex.def Info: pictures/screenshot006.png  used on input line 149.
(pdftex.def)             Requested size: 455.24014pt x 227.64052pt.

Overfull \hbox (4.69817pt too wide) in paragraph at lines 156--158
\T2A/cmr/m/n/14.4 ми-ни-маль-ный ра-ди-ус кри-вой, по ко-то-рой мо-жет дви-гать
-ся по-езд(является
 []

[8 <./pictures/screenshot006.png>]
<pictures/screenshot008.png, id=133, 581.92406pt x 284.56313pt>
File: pictures/screenshot008.png Graphic file (type png)
<use pictures/screenshot008.png>
Package pdftex.def Info: pictures/screenshot008.png  used on input line 166.
(pdftex.def)             Requested size: 455.24411pt x 222.61833pt.

Overfull \hbox (80.37506pt too wide) in paragraph at lines 163--170
[]\T2A/cmr/m/n/14.4 На ри-сун-ке обо-зна-че-ны гра-ни-цы $\OML/cmm/m/it/14.4 s[
]$\T2A/cmr/m/n/14.4 (теоретическая гра-ни-ца) и $\OML/cmm/m/it/14.4 s[]$\T2A/cm
r/m/n/14.4 (экспериментальная
 []


Overfull \hbox (37.93593pt too wide) in paragraph at lines 176--178
\T2A/cmr/m/n/14.4 их пе-ре-се-че-ний с ис-поль-зо-ва-ни-ем Histogram of oriente
d gradients[[]](гистограмма
 []

[9 <./pictures/screenshot008.png>]
<pictures/screenshot009.png, id=145, 254.45062pt x 183.68625pt>
File: pictures/screenshot009.png Graphic file (type png)
<use pictures/screenshot009.png>
Package pdftex.def Info: pictures/screenshot009.png  used on input line 185.
(pdftex.def)             Requested size: 455.24411pt x 328.65335pt.
<pictures/screenshot010.png, id=146, 901.86937pt x 369.63094pt>
File: pictures/screenshot010.png Graphic file (type png)
<use pictures/screenshot010.png>
Package pdftex.def Info: pictures/screenshot010.png  used on input line 194.
(pdftex.def)             Requested size: 455.24411pt x 186.586pt.


LaTeX Warning: `!h' float specifier changed to `!ht'.

[10 <./pictures/screenshot009.png>]
(/usr/share/texlive/texmf-dist/tex/latex/ucs/data/uni-32.def
File: uni-32.def 2013/05/13 UCS: Unicode data U+2000..U+20FF
)
<pictures/img0002.jpg, id=153, 803.0pt x 602.25pt>
File: pictures/img0002.jpg Graphic file (type jpg)
<use pictures/img0002.jpg>
Package pdftex.def Info: pictures/img0002.jpg  used on input line 209.
(pdftex.def)             Requested size: 409.71692pt x 307.29047pt.
 [11 <./pictures/screenshot010.png> <./pictures/img0002.jpg>]
<pictures/hough1.png, id=163, 436.63126pt x 246.9225pt>
File: pictures/hough1.png Graphic file (type png)
<use pictures/hough1.png>
Package pdftex.def Info: pictures/hough1.png  used on input line 238.
(pdftex.def)             Requested size: 318.66948pt x 180.21423pt.
 [12 <./pictures/hough1.png>]
Overfull \hbox (7.21915pt too wide) in paragraph at lines 250--252
[]\T2A/cmr/m/n/14.4 Сглаживание изоб-ра-же-ния для уда-ле-ния шу-мов. Это де-ла
-ет-ся филь-
 []

<pictures/sobel.png, id=174, 360.59718pt x 365.86688pt>
File: pictures/sobel.png Graphic file (type png)
<use pictures/sobel.png>
Package pdftex.def Info: pictures/sobel.png  used on input line 256.
(pdftex.def)             Requested size: 360.5963pt x 365.86598pt.

LaTeX Warning: `!h' float specifier changed to `!ht'.


Overfull \hbox (7.40001pt too wide) in paragraph at lines 260--261
[]\T2A/cmr/m/n/14.4 Подавление не-максимумов. Сре-ди всех мак-си-му-мов остав-л
я-ем толь-
 []

<pictures/canny_th.png, id=176, 602.25pt x 451.6875pt>
File: pictures/canny_th.png Graphic file (type png)
<use pictures/canny_th.png>
Package pdftex.def Info: pictures/canny_th.png  used on input line 264.
(pdftex.def)             Requested size: 318.66948pt x 239.00726pt.

LaTeX Warning: `!h' float specifier changed to `!ht'.

[13]

LaTeX Warning: Text page 14 contains only floats.

[14 <./pictures/sobel.png> <./pictures/canny_th.png>]
Overfull \hbox (38.42308pt too wide) in paragraph at lines 270--271
\T2A/cmr/m/n/14.4 ля-ют-ся пу-тјм уда-ле-ния всех кра-јв, несвя-зан-ных с "силь
-ны-ми"границами.
 []

File: pictures/canny_res.png Graphic file (type png)
<use pictures/canny_res.png>
Package pdftex.def Info: pictures/canny_res.png  used on input line 275.
(pdftex.def)             Requested size: 409.71692pt x 245.84157pt.
[15]
Overfull \hbox (43.61354pt too wide) in paragraph at lines 282--289
\OML/cmm/m/it/14.4 blockSize \OT1/cmr/m/n/14.4 = \OML/cmm/m/it/14.4 minBlockSiz
e \OT1/cmr/m/n/14.4 + []\OML/cmm/m/it/14.4 y$\T2A/cmr/m/n/14.4 , где minBlockSi
ze
 []

<pictures/horizontal_blocks.png, id=204, 602.25pt x 361.35pt>
File: pictures/horizontal_blocks.png Graphic file (type png)
<use pictures/horizontal_blocks.png>
Package pdftex.def Info: pictures/horizontal_blocks.png  used on input line 292
.
(pdftex.def)             Requested size: 409.71692pt x 245.84157pt.
[16 <./pictures/horizontal_blocks.png (PNG copy)>]
<pictures/hough_lines_res.png, id=213, 602.25pt x 361.35pt>
File: pictures/hough_lines_res.png Graphic file (type png)
<use pictures/hough_lines_res.png>
Package pdftex.def Info: pictures/hough_lines_res.png  used on input line 305.
(pdftex.def)             Requested size: 409.71692pt x 245.84157pt.
 [17 <./pictures/hough_lines_res.png (PNG copy)>]
<pictures/neighs_check.png, id=221, 201.00093pt x 193.47281pt>
File: pictures/neighs_check.png Graphic file (type png)
<use pictures/neighs_check.png>
Package pdftex.def Info: pictures/neighs_check.png  used on input line 336.
(pdftex.def)             Requested size: 318.66948pt x 306.73465pt.


LaTeX Warning: `!h' float specifier changed to `!ht'.

<pictures/Y_cross.png, id=225, 140.02313pt x 197.23688pt>
File: pictures/Y_cross.png Graphic file (type png)
<use pictures/Y_cross.png>
Package pdftex.def Info: pictures/Y_cross.png  used on input line 354.
(pdftex.def)             Requested size: 143.40028pt x 202.00356pt.
<pictures/X_cross.png, id=226, 158.09062pt x 189.70876pt>
File: pictures/X_cross.png Graphic file (type png)
<use pictures/X_cross.png>
Package pdftex.def Info: pictures/X_cross.png  used on input line 360.
(pdftex.def)             Requested size: 143.40028pt x 172.09102pt.

LaTeX Warning: `!h' float specifier changed to `!ht'.

<pictures/Y_cross_revert.png, id=229, 102.3825pt x 185.19188pt>
File: pictures/Y_cross_revert.png Graphic file (type png)
<use pictures/Y_cross_revert.png>
Package pdftex.def Info: pictures/Y_cross_revert.png  used on input line 371.
(pdftex.def)             Requested size: 143.40028pt x 259.40247pt.
File: pictures/X_cross.png Graphic file (type png)
<use pictures/X_cross.png>
Package pdftex.def Info: pictures/X_cross.png  used on input line 377.
(pdftex.def)             Requested size: 143.40028pt x 172.09102pt.

LaTeX Warning: `!h' float specifier changed to `!ht'.

[18] [19 <./pictures/neighs_check.png> <./pictures/Y_cross.png> <./pictures/X_c
ross.png>]
Overfull \hbox (48.78995pt too wide) in paragraph at lines 403--404
[][][][][][][][][][][][][][][] 
 []

LaTeX Font Info:    Try loading font information for OMS+cmr on input line 404.

(/usr/share/texlive/texmf-dist/tex/latex/base/omscmr.fd
File: omscmr.fd 2014/09/29 v2.5h Standard LaTeX font definitions
)
LaTeX Font Info:    Font shape `OMS/cmr/m/n' in size <14.4> not available
(Font)              Font shape `OMS/cmsy/m/n' tried instead on input line 404.

Overfull \hbox (22.56808pt too wide) in paragraph at lines 406--407
[]\T2A/cmr/m/n/14.4 Если раз-ность ко-си-ну-сов, вы-чис-лен-ная ра-нее, мень-ше
 parallel_cos_eps,
 []

[20 <./pictures/Y_cross_revert.png>]
<pictures/intersection_example.png, id=278, 286.82156pt x 286.06876pt>
File: pictures/intersection_example.png Graphic file (type png)
<use pictures/intersection_example.png>
Package pdftex.def Info: pictures/intersection_example.png  used on input line 
454.
(pdftex.def)             Requested size: 318.66948pt x 317.84126pt.
 [21] [22 <./pictures/intersection_example.png>]
<pictures/intersection_example1.png, id=311, 171.64125pt x 235.63031pt>
File: pictures/intersection_example1.png Graphic file (type png)
<use pictures/intersection_example1.png>
Package pdftex.def Info: pictures/intersection_example1.png  used on input line
 465.
(pdftex.def)             Requested size: 227.61996pt x 286.80339pt.
 [23 <./pictures/intersection_example1.png>] [24]
<pictures/res1.png, id=334, 602.25pt x 361.35pt>
File: pictures/res1.png Graphic file (type png)
<use pictures/res1.png>
Package pdftex.def Info: pictures/res1.png  used on input line 492.
(pdftex.def)             Requested size: 318.66948pt x 191.20581pt.
<pictures/res2.png, id=335, 602.25pt x 361.35pt>
File: pictures/res2.png Graphic file (type png)
<use pictures/res2.png>
Package pdftex.def Info: pictures/res2.png  used on input line 498.
(pdftex.def)             Requested size: 318.66948pt x 191.20581pt.
 [25 <./pictures/res1.png (PNG copy)> <./pictures/res2.png (PNG copy)>]
<pictures/res3.png, id=349, 602.25pt x 361.35pt>
File: pictures/res3.png Graphic file (type png)
<use pictures/res3.png>
Package pdftex.def Info: pictures/res3.png  used on input line 512.
(pdftex.def)             Requested size: 318.66948pt x 191.20581pt.
<pictures/bad_ex.png, id=350, 602.25pt x 361.35pt>
File: pictures/bad_ex.png Graphic file (type png)
<use pictures/bad_ex.png>
Package pdftex.def Info: pictures/bad_ex.png  used on input line 520.
(pdftex.def)             Requested size: 318.66948pt x 191.20581pt.


LaTeX Warning: `!h' float specifier changed to `!ht'.

[26 <./pictures/res3.png (PNG copy)>]
<pictures/bad_canny.png, id=358, 602.25pt x 361.35pt>
File: pictures/bad_canny.png Graphic file (type png)
<use pictures/bad_canny.png>
Package pdftex.def Info: pictures/bad_canny.png  used on input line 528.
(pdftex.def)             Requested size: 318.66948pt x 191.20581pt.
<pictures/bad_lines.png, id=359, 602.25pt x 361.35pt>
File: pictures/bad_lines.png Graphic file (type png)
<use pictures/bad_lines.png>
Package pdftex.def Info: pictures/bad_lines.png  used on input line 534.
(pdftex.def)             Requested size: 318.66948pt x 191.20581pt.


LaTeX Warning: `!h' float specifier changed to `!ht'.

[27 <./pictures/bad_ex.png (PNG copy)> <./pictures/bad_canny.png (PNG copy)>]
[28 <./pictures/bad_lines.png (PNG copy)>]
<pictures/45_20.png, id=372, 602.25pt x 361.35pt>
File: pictures/45_20.png Graphic file (type png)
<use pictures/45_20.png>
Package pdftex.def Info: pictures/45_20.png  used on input line 564.
(pdftex.def)             Requested size: 318.66948pt x 191.20581pt.
 [29 <./pictures/45_20.png (PNG copy)>]
Underfull \hbox (badness 10000) in paragraph at lines 579--581
[]\T2A/cmr/bx/n/14.4 Алгоритм Canny\T2A/cmr/m/n/14.4 . [Элек-трон-ный ре-сурс] 
URL -
 []


Underfull \hbox (badness 10000) in paragraph at lines 583--585
[]\T2A/cmr/bx/n/14.4 Алгоритм От-цу\T2A/cmr/m/n/14.4 . [Элек-трон-ный ре-сурс] 
URL -
 []


Overfull \hbox (30.74097pt too wide) in paragraph at lines 583--585
[]\T2A/cmr/m/n/14.4 https://docs.opencv.org/2.4/doc/tutorials/imgproc/threshold
/threshold.html[] 
 []


Underfull \hbox (badness 10000) in paragraph at lines 587--589
[]\T2A/cmr/bx/n/14.4 Перспективная про-ек-ция\T2A/cmr/m/n/14.4 . [Элек-трон-ный
 ре-сурс] URL -
 []


Underfull \hbox (badness 2293) in paragraph at lines 591--593
\T2A/cmr/bx/n/14.4 method using HOG features\T2A/cmr/m/n/14.4 . [Элек-трон-ный 
ре-сурс] URL -
 []


Underfull \hbox (badness 1960) in paragraph at lines 595--597
[]\T2A/cmr/bx/n/14.4 Vision based rail track and switch recognition for self-
 []

)
Package atveryend Info: Empty hook `BeforeClearDocument' on input line 26.
 [30]
Package atveryend Info: Empty hook `AfterLastShipout' on input line 26.
 (./cross_detection.aux)
Package atveryend Info: Executing hook `AtVeryEndDocument' on input line 26.
Package atveryend Info: Executing hook `AtEndAfterFileList' on input line 26.
Package rerunfilecheck Info: File `cross_detection.out' has not changed.
(rerunfilecheck)             Checksum: D41D8CD98F00B204E9800998ECF8427E;0.


LaTeX Warning: There were multiply-defined labels.

Package atveryend Info: Empty hook `AtVeryVeryEnd' on input line 26.
 ) 
Here is how much of TeX's memory you used:
 17593 strings out of 492609
 252745 string characters out of 6131463
 454997 words of memory out of 5000000
 21091 multiletter control sequences out of 15000+600000
 13668 words of font info for 34 fonts, out of 8000000 for 9000
 1141 hyphenation exceptions out of 8191
 42i,10n,51p,9111b,1313s stack positions out of 5000i,500n,10000p,200000b,80000s
{/usr/share/texmf/fonts/enc/dvips/cm-super/cm-super-t2a.enc}</usr/share/texli
ve/texmf-dist/fonts/type1/public/amsfonts/cm/cmex10.pfb></usr/share/texlive/tex
mf-dist/fonts/type1/public/amsfonts/cm/cmmi10.pfb></usr/share/texlive/texmf-dis
t/fonts/type1/public/amsfonts/cm/cmmi12.pfb></usr/share/texlive/texmf-dist/font
s/type1/public/amsfonts/cm/cmr10.pfb></usr/share/texlive/texmf-dist/fonts/type1
/public/amsfonts/cm/cmr12.pfb></usr/share/texlive/texmf-dist/fonts/type1/public
/amsfonts/cm/cmsy10.pfb></usr/share/texmf/fonts/type1/public/cm-super/sfbi1440.
pfb></usr/share/texmf/fonts/type1/public/cm-super/sfbx1440.pfb></usr/share/texm
f/fonts/type1/public/cm-super/sfbx1728.pfb></usr/share/texmf/fonts/type1/public
/cm-super/sfrm1440.pfb></usr/share/texmf/fonts/type1/public/cm-super/sfsx1440.p
fb></usr/share/texmf/fonts/type1/public/cm-super/sfsx1728.pfb></usr/share/texmf
/fonts/type1/public/cm-super/sfsx2074.pfb>
Output written on cross_detection.pdf (30 pages, 7957148 bytes).
PDF statistics:
 518 PDF objects out of 1000 (max. 8388607)
 419 compressed objects within 5 object streams
 164 named destinations out of 1000 (max. 500000)
 294 words of extra memory for PDF output out of 10000 (max. 10000000)

